<?xml version="1.0" encoding="UTF-8" ?>
<!--
  ~ /************************************************************************
  ~     Log4ora - Logging package for Oracle
  ~     Copyright (C) 2009  John Thompson
  ~
  ~     This program is free software: you can redistribute it and/or modify
  ~     it under the terms of the GNU General Public License as published by
  ~     the Free Software Foundation, either version 3 of the License, or
  ~     (at your option) any later version.
  ~
  ~     This program is distributed in the hope that it will be useful,
  ~     but WITHOUT ANY WARRANTY; without even the implied warranty of
  ~     MERCHANTABILITY or FITNESS FOR A PARTICULAR PURPOSE.  See the
  ~     GNU General Public License for more details.
  ~
  ~     You should have received a copy of the GNU General Public License
  ~     along with this program.  If not, see <http://www.gnu.org/licenses/>.
  ~
  ~ ************************************************************************/
  -->

<testsuite errors="0" failures="0" hostname="johns-macbook-pro.local" name="ModuleIntegrationTests" tests="4" time="0.231" timestamp="2009-10-13T21:04:05">
  <properties />
  <testcase classname="ModuleIntegrationTests" name="testSomething" time="0.054" />
  <testcase classname="ModuleIntegrationTests" name="testDefaultModule" time="0.1" />
  <testcase classname="ModuleIntegrationTests" name="testDefaultLogLevels" time="0.0070" />
  <testcase classname="ModuleIntegrationTests" name="testLogMethod" time="0.0050" />
  <system-out><![CDATA[--Output from testSomething--
--Output from testDefaultModule--
Hibernate: 
    select
        this_.id as id3_0_,
        this_.version as version3_0_,
        this_.object as object3_0_,
        this_.owner as owner3_0_ 
    from
        module this_ 
    where
        this_.owner=? 
        and this_.object=?
--Output from testDefaultLogLevels--
Hibernate: 
    select
        count(*) as y0_ 
    from
        log_level this_
--Output from testLogMethod--
Hibernate: 
    select
        count(*) as y0_ 
    from
        log_method this_
]]></system-out>
  <system-err><![CDATA[--Output from testSomething--
--Output from testDefaultModule--
--Output from testDefaultLogLevels--
--Output from testLogMethod--
]]></system-err>
</testsuite>
